     1                                  bits 32 
     2                                  
     3                                  
     4                                  global start        
     5                                  
     6                                  
     7                                  extern exit               
     8                                  import exit msvcrt.dll    
     9                                  
    10                                  ; 8.Se da un sir de caractere S. Sa se construiasca sirul D care sa contina toate literele mari din sirul S.
    11                                  ;  Exemplu:
    12                                  ; S: 'a', 'A', 'b', 'B', '2', '%', 'x', 'M'
    13                                  ; D: 'A', 'B', 'M'
    14                                  segment data use32 class=data
    15 00000000 614162423225784D            s db 'a', 'A', 'b', 'B', '2', '%', 'x', 'M'
    16                                      l equ $-s
    17 00000008 00<rept>                    d times l db 0
    18                                  
    19                                  
    20                                  segment code use32 class=code
    21                                      start:
    22 00000000 B908000000                      mov ecx,l
    23 00000005 BE00000000                      mov esi,0
    24 0000000A BB00000000                      mov ebx,0
    25 0000000F E32C                            jecxz final
    26                                          repeta:
    27 00000011 8A86[00000000]                      mov al,[s+esi]
    28 00000017 3C5A                                cmp al,'Z'
    29 00000019 7605                                jbe majuscula
    30 0000001B 46                                  inc esi
    31 0000001C E2F3                                loop repeta
    32 0000001E EB1D                            jmp final
    33                                          majuscula:
    34 00000020 3C41                                cmp al,'A'
    35 00000022 7309                                jae copiere
    36 00000024 46                                  inc esi
    37 00000025 49                                  dec ecx
    38 00000026 83F900                              cmp ecx,0
    39 00000029 7412                                je final
    40 0000002B EBE4                                jmp repeta
    41                                              
    42                                          copiere:
    43 0000002D 8883[08000000]                      mov [d+ebx],al
    44 00000033 43                                  inc ebx
    45 00000034 46                                  inc esi
    46 00000035 49                                  dec ecx
    47 00000036 83F900                              cmp ecx,0
    48 00000039 7402                                je final
    49 0000003B EBD4                                jmp repeta
    50                                          
    51                                          final:
    52                                          ; exit(0)
    53 0000003D 6A00                            push    dword 0      ; push the parameter for exit onto the stack
    54 0000003F FF15[00000000]                  call    [exit]       ; call exit to terminate the program
