     1                                  bits 32 ; assembling for the 32 bits architecture
     2                                  
     3                                  ; declare the EntryPoint (a label defining the very first instruction of the program)
     4                                  global start        
     5                                  
     6                                  ; declare external functions needed by our program
     7                                  extern exit               ; tell nasm that exit exists even if we won't be defining it
     8                                  import exit msvcrt.dll    ; exit is a function that ends the calling process. It is defined in msvcrt.dll
     9                                                            ; msvcrt.dll contains exit, printf and all the other important C-runtime specific functions
    10                                  
    11                                  ; our data is declared here (the variables needed by our program)
    12                                  segment data use32 class=data
    13 00000000 0A                          a db 10
    14 00000001 14                          b db 20
    15 00000002 05                          c db 5
    16 00000003 28                          d db 40
    17                                  
    18                                  ; our code starts here
    19                                  segment code use32 class=code
    20                                      start:
    21                                          ;calculati a+13-c+d-7+b
    22                                      
    23 00000000 8A25[00000000]                  mov AH , [a] ; AH = a = 10
    24 00000006 80C40D                          add AH , 13 ; AH = a + 13
    25 00000009 2A25[02000000]                  sub AH , [c] ; AH = a + 13 - c
    26 0000000F 0225[03000000]                  add AH , [d] ; AH = a + 13 - c + d 
    27 00000015 80EC07                          sub AH , 7 ; AH = a + 13 - c + d - 7
    28 00000018 0225[01000000]                  add AH , [b] ; AH = a +13 - c + d -7 + b
    29                                          
    30                                         
    31 0000001E 6A00                            push    dword 0      ; push the parameter for exit onto the stack
    32 00000020 FF15[00000000]                  call    [exit]       ; call exit to terminate the program
