     1                                  bits 32 
     2                                  
     3                                  
     4                                  global start        
     5                                  
     6                                  
     7                                  extern exit               
     8                                  import exit msvcrt.dll   
     9                                  
    10                                  
    11                                  segment data use32 class=data
    12                                      
    13                                  
    14                                  
    15                                  segment code use32 class=code
    16                                      start:
    17 00000000 B800000000                      mov eax,0
    18 00000005 66B87F00                        mov ax,127
    19 00000009 66058100                        add ax,129
    20                                      
    21                                          ; exit(0)
    22 0000000D 6A00                            push    dword 0      ; push the parameter for exit onto the stack
    23 0000000F FF15[00000000]                  call    [exit]       ; call exit to terminate the program
