     1                                  bits 32 
     2                                  
     3                                  
     4                                  global start        
     5                                  
     6                                  
     7                                  extern exit               
     8                                  import exit msvcrt.dll    
     9                                  
    10                                  
    11                                  segment data use32 class=data
    12 00000000 0001                        a dw 100h
    13 00000002 6500                        b dw 101
    14 00000004 6E00                        c dw 110
    15 00000006 1800                        d dw 24
    16                                  
    17                                  segment code use32 class=code
    18                                      start:
    19 00000000 B800000000                      mov eax,0
    20                                          ;calculam a-b
    21 00000005 66A1[00000000]                  mov ax,[a]
    22 0000000B 662B05[02000000]                sub ax,[b]
    23                                          ;calculam (a-b-c)
    24 00000012 662B05[04000000]                sub ax,[c]
    25 00000019 6689C2                          mov dx,ax
    26                                          ;calculam a-c
    27 0000001C 66A1[00000000]                  mov ax,[a]
    28 00000022 662B05[04000000]                sub ax,[c]
    29                                          ;calculam a-c-d
    30 00000029 662B05[06000000]                sub ax,[d]
    31                                          ;calculam (a-c-d-d)
    32 00000030 662B05[06000000]                sub ax,[d]
    33 00000037 6689C3                          mov bx,ax
    34                                          ;calculam (a-b-c)+(a-c-d-d)
    35 0000003A 6689D0                          mov ax,dx
    36 0000003D 6601D8                          add ax,bx
    37                                      
    38                                          ; exit(0)
    39 00000040 6A00                            push    dword 0      ; push the parameter for exit onto the stack
    40 00000042 FF15[00000000]                  call    [exit]       ; call exit to terminate the program
