     1                                  bits 32 
     2                                  
     3                                  
     4                                  global start        
     5                                  
     6                                  
     7                                  extern exit               
     8                                  import exit msvcrt.dll    
     9                                  
    10                                  ;  a-word; b,c,d-byte; e-doubleword; x-qword Interpretare cu semn
    11                                  segment data use32 class=data
    12 00000000 F6FF                        a dw -10
    13 00000002 18                          b db 24
    14 00000003 0D                          c db 13
    15 00000004 03                          d db 3
    16 00000005 26000000                    e dd 38
    17 00000009 F6FFFFFF00000000            x dq 0FFFFFFF6h
    18                                  
    19                                  ; (a*2+b/2+e)/(c-d)+x/a
    20                                  segment code use32 class=code
    21                                      start:
    22                                          ;calculam x/a
    23 00000000 66A1[00000000]                  mov ax,[a]          ;AX=a=FFF6h=-10d
    24 00000006 98                              cwde
    25 00000007 89C1                            mov ecx,eax         ;ECX=EAX=FFFFFFF6h=-10d
    26 00000009 A1[09000000]                    mov eax,dword[x]    ;EAX=FFFFFFF6h
    27 0000000E 8B15[0D000000]                  mov edx,dword[x+4]  ;EDX=0
    28 00000014 F7F9                            idiv ecx            ;EAX=EDX:EAX/ECX=FFFFFFF6h/FFFFFFF6h=E6666668h=-429496728d
    29 00000016 89C1                            mov ecx,eax         ;ECX=EAX=E6666668h=-429496728d
    30                                          
    31                                          ;calculam a*2
    32 00000018 66A1[00000000]                  mov ax,[a]          ;AX=a=FFF6h=-10d
    33 0000001E 66BA0200                        mov dx,2            ;DX=2
    34 00000022 66F7EA                          imul dx             ;DX:AX=AX*DX=FFF6h*2=FFFFFFECh=-20d
    35 00000025 6652                            push dx
    36 00000027 6650                            push ax
    37 00000029 5B                              pop ebx             ;EBX=FFFFFFECh=-20d
    38                                          
    39                                          ;calculam b/2
    40 0000002A A0[02000000]                    mov al,[b]          ;AL=b=18h=24d
    41 0000002F 6698                            cbw           
    42 00000031 B202                            mov dl,2
    43 00000033 F6FA                            idiv dl             ;AL=AX/DL=Ch=12d
    44 00000035 6698                            cbw
    45 00000037 98                              cwde                ;EAX=Ch=12d
    46                                          
    47                                          ;calculam a*2+b/2
    48 00000038 01D8                            add eax,ebx         ;EAX=EAX+EBX=FFFFFFECh+Ch=FFFFFFF8h=-8d
    49                                          
    50                                          ;calculam a*2+b/2+e
    51 0000003A 8B1D[05000000]                  mov ebx,[e]         ;EBX=e=26h=38d
    52 00000040 01D8                            add eax,ebx         ;EAX=EAX+EBX=FFFFFFF8h+26h=1Eh=30d
    53 00000042 89C3                            mov ebx,eax         ;EBX=EAX=1Eh=30d
    54                                          
    55                                          ;calculam c-d
    56 00000044 A0[03000000]                    mov al,[c]          ;AL=c=Dh=13d
    57 00000049 8A15[04000000]                  mov dl,[d]          ;DL=d=3
    58 0000004F 28D0                            sub al,dl           ;AL=AL-DL=Ah=10d
    59                                          
    60                                          ;calculam (a*2+b/2+e)/(c-d)
    61 00000051 6698                            cbw
    62 00000053 89C2                            mov edx,eax         ;EDX=EAX=Ah=10d
    63 00000055 89D8                            mov eax,ebx         ;EAX=EBX=1Eh=30d
    64 00000057 89D3                            mov ebx,edx         ;EBX=EDX=Ah=10d
    65 00000059 50                              push eax            
    66 0000005A 6658                            pop ax
    67 0000005C 665A                            pop dx
    68 0000005E 66F7FB                          idiv bx             ;AX=DX:AX/BX=1Eh/Ah=3h=3d
    69                                          
    70                                          ;calculam (a*2+b/2+e)/(c-d)+x/a
    71 00000061 98                              cwde
    72 00000062 01C8                            add eax,ecx         ;EAX=EAX+ECX=3h+E6666668h=E666666Bh=-429496725d
    73                                      
    74                                          ; exit(0)
    75 00000064 6A00                            push    dword 0      ; push the parameter for exit onto the stack
    76 00000066 FF15[00000000]                  call    [exit]       ; call exit to terminate the program
